[debug] [2021-02-26T03:24:04.156Z] ----------------------------------------------------------------------
[debug] [2021-02-26T03:24:04.160Z] Command:       C:\Program Files\nodejs\node.exe C:\Users\pex\AppData\Roaming\npm\node_modules\firebase-tools\lib\bin\firebase.js init hosting
[debug] [2021-02-26T03:24:04.160Z] CLI Version:   9.5.0
[debug] [2021-02-26T03:24:04.160Z] Platform:      win32
[debug] [2021-02-26T03:24:04.161Z] Node Version:  v14.15.4
[debug] [2021-02-26T03:24:04.163Z] Time:          Fri Feb 26 2021 08:54:04 GMT+0530 (India Standard Time)
[debug] [2021-02-26T03:24:04.163Z] ----------------------------------------------------------------------
[debug] [2021-02-26T03:24:04.163Z] 
[debug] [2021-02-26T03:24:04.174Z] > command requires scopes: ["email","openid","https://www.googleapis.com/auth/cloudplatformprojects.readonly","https://www.googleapis.com/auth/firebase","https://www.googleapis.com/auth/cloud-platform"]
[debug] [2021-02-26T03:24:04.175Z] > authorizing via signed-in user
[info] 
     ######## #### ########  ######## ########     ###     ######  ########
     ##        ##  ##     ## ##       ##     ##  ##   ##  ##       ##
     ######    ##  ########  ######   ########  #########  ######  ######
     ##        ##  ##    ##  ##       ##     ## ##     ##       ## ##
     ##       #### ##     ## ######## ########  ##     ##  ######  ########

You're about to initialize a Firebase project in this directory:

  D:\Website\frontendmentor\easybank

[info] 
=== Project Setup
[info] 
[info] First, let's associate this project directory with a Firebase project.
[info] You can create multiple project aliases by running firebase use --add, 
[info] but for now we'll just set up a default project.
[info] 
[info] i  If you want to create a project in a Google Cloud organization or folder, please use "firebase projects:create" instead, and return to this command when you've created the project. 
